décevoir	V.PTCP;PRS	décevant
décevoir	V.PTCP;PST	déce
décevoir	V;COND;NOM(3,PL)	décevraient
décevoir	V;COND;NOM(3,SG)	décevoirait
décevoir	V;IND;FUT;NOM(3,SG)	décevdra
décevoir	V;IND;PRS;NOM(1,PL)	décevons
décevoir	V;IND;PRS;NOM(2,SG)	décevoiz
décevoir	V;IND;PST;IPFV;NOM(1,PL)	décevions
décevoir	V;IND;PST;IPFV;NOM(2,SG)	décevoissais
décevoir	V;IND;PST;IPFV;NOM(3,SG)	décevait
décevoir	V;IND;PST;PFV;NOM(3,SG)	décevit
décevoir	V;POS;IMP;NOM(2,SG)	déces
décevoir	V;SBJV;PRS;NOM(1,PL)	décevions
décevoir	V;SBJV;PRS;NOM(2,PL)	déceviez
décevoir	V;SBJV;PRS;NOM(2,SG)	déceves
décevoir	V;SBJV;PRS;NOM(3,PL)	décevent
décevoir	V;SBJV;PST;NOM(1,PL)	décevussions
décevoir	V;SBJV;PST;NOM(2,SG)	décesses
décevoir	V;SBJV;PST;NOM(3,PL)	décevoissent
décevoir	V;SBJV;PST;NOM(3,SG)	décevoît
réouvrir	V.PTCP;PRS	réouvrissant
réouvrir	V.PTCP;PST	réouvert
réouvrir	V;COND;NOM(1,PL)	réouvririons
réouvrir	V;COND;NOM(1,SG)	réouvreroie
réouvrir	V;COND;NOM(2,PL)	réouvreriiez
réouvrir	V;COND;NOM(3,SG)	réouvrirait
réouvrir	V;IND;FUT;NOM(1,SG)	réouvrerai
réouvrir	V;IND;FUT;NOM(3,PL)	réouvriront
réouvrir	V;IND;PRS;NOM(1,PL)	réouvrissons
réouvrir	V;IND;PST;IPFV;NOM(2,SG)	réouvroies
réouvrir	V;IND;PST;IPFV;NOM(3,SG)	réouvroit
réouvrir	V;IND;PST;PFV;NOM(1,PL)	réouvrîmes
réouvrir	V;NFIN	réouvrir
réouvrir	V;SBJV;PRS;NOM(1,PL)	réouvrons
réouvrir	V;SBJV;PRS;NOM(1,SG)	réouevre
réouvrir	V;SBJV;PRS;NOM(2,SG)	réouevres
réouvrir	V;SBJV;PRS;NOM(3,PL)	réouvrent
réouvrir	V;SBJV;PST;NOM(1,PL)	réouvrissons
réouvrir	V;SBJV;PST;NOM(2,PL)	réouvrissiez
réouvrir	V;SBJV;PST;NOM(3,SG)	réouvrist
